<?xml version="1.0" encoding="UTF-8"?>
<!-- Generated by org.testng.reporters.JUnitXMLReporter -->
<testsuite hostname="DESKTOP-MBD2ILJ" ignored="1" name="Test" tests="8" failures="0" timestamp="23 Jul 2019 15:53:42 GMT" time="38.377" errors="0">
  <testcase name="openURL" time="4.14" classname="com.test.FirstTestNGDemo"/>
  <testcase name="canTestUnSuccessfulLogin" time="0.872" classname="com.test.FirstTestNGDemo"/>
  <testcase name="canTestSuccessfulLogin" time="4.127" classname="com.test.FirstTestNGDemo"/>
  <testcase name="canTestNewCustomerLink" time="1.31" classname="com.test.FirstTestNGDemo"/>
  <testcase name="openGoogleURL" time="1.377" classname="com.test.GoogleTestCases"/>
  <testcase name="searchText" time="2.146" classname="com.test.GoogleTestCases"/>
  <testcase name="clickOnFirstLink" time="3.582" classname="com.test.GoogleTestCases"/>
  <testcase name="openFacebookURL" time="6.877" classname="com.test.FacebookTestCases"/>
  <testcase name="changeLanguage" time="0.0" classname="com.test.FacebookTestCases">
    <ignored/>
  </testcase> <!-- changeLanguage -->
</testsuite> <!-- Test -->
