<?xml version="1.0" encoding="UTF-8" ?>
<testsuite tests="8" failures="0" name="TestSuite" time="24.427" errors="0" skipped="0">
  <properties>
[...]
</properties>
  <testcase classname="com.test.FirstTestNGDemo" name="openURL" time="4.139"/>
  <testcase classname="com.test.FirstTestNGDemo" name="canTestUnSuccessfulLogin" time="0.87"/>
  <testcase classname="com.test.FirstTestNGDemo" name="canTestSuccessfulLogin" time="4.123"/>
  <testcase classname="com.test.FirstTestNGDemo" name="canTestNewCustomerLink" time="1.31"/>
  <testcase classname="com.test.GoogleTestCases" name="openGoogleURL" time="1.378"/>
  <testcase classname="com.test.GoogleTestCases" name="searchText" time="2.147"/>
  <testcase classname="com.test.GoogleTestCases" name="clickOnFirstLink" time="3.583"/>
  <testcase classname="com.test.FacebookTestCases" name="openFacebookURL" time="6.877"/>
</testsuite>